H:\本地与远端GITHUB连接库集合\编译器课程设计与远端GITHUB连接仓库\BUAA_COMPLIER_DESIGN\FINALPROJECT\FINALPROJECT\DEBUG\FINALPROJECT.EXE
H:\本地与远端GITHUB连接库集合\编译器课程设计与远端GITHUB连接仓库\BUAA_COMPLIER_DESIGN\FINALPROJECT\FINALPROJECT\DEBUG\FINALPROJECT.ILK
H:\本地与远端GITHUB连接库集合\编译器课程设计与远端GITHUB连接仓库\BUAA_COMPLIER_DESIGN\FINALPROJECT\FINALPROJECT\DEBUG\FINALPROJECT.PDB
H:\本地与远端github连接库集合\编译器课程设计与远端github连接仓库\BUAA_Complier_Design\FinalProject\FinalProject\FinalProject\Debug\cl.command.1.tlog
H:\本地与远端github连接库集合\编译器课程设计与远端github连接仓库\BUAA_Complier_Design\FinalProject\FinalProject\FinalProject\Debug\CL.read.1.tlog
H:\本地与远端github连接库集合\编译器课程设计与远端github连接仓库\BUAA_Complier_Design\FinalProject\FinalProject\FinalProject\Debug\CL.write.1.tlog
H:\本地与远端GITHUB连接库集合\编译器课程设计与远端GITHUB连接仓库\BUAA_COMPLIER_DESIGN\FINALPROJECT\FINALPROJECT\FINALPROJECT\DEBUG\CONSTVALUE.OBJ
H:\本地与远端GITHUB连接库集合\编译器课程设计与远端GITHUB连接仓库\BUAA_COMPLIER_DESIGN\FINALPROJECT\FINALPROJECT\FINALPROJECT\DEBUG\ERROR.OBJ
H:\本地与远端GITHUB连接库集合\编译器课程设计与远端GITHUB连接仓库\BUAA_COMPLIER_DESIGN\FINALPROJECT\FINALPROJECT\FINALPROJECT\DEBUG\FINALPROJECT.EXE.EMBED.MANIFEST
H:\本地与远端GITHUB连接库集合\编译器课程设计与远端GITHUB连接仓库\BUAA_COMPLIER_DESIGN\FINALPROJECT\FINALPROJECT\FINALPROJECT\DEBUG\FINALPROJECT.EXE.EMBED.MANIFEST.RES
H:\本地与远端GITHUB连接库集合\编译器课程设计与远端GITHUB连接仓库\BUAA_COMPLIER_DESIGN\FINALPROJECT\FINALPROJECT\FINALPROJECT\DEBUG\FINALPROJECT.EXE.INTERMEDIATE.MANIFEST
H:\本地与远端github连接库集合\编译器课程设计与远端github连接仓库\BUAA_Complier_Design\FinalProject\FinalProject\FinalProject\Debug\FinalProject.vcxprojResolveAssemblyReference.cache
H:\本地与远端github连接库集合\编译器课程设计与远端github连接仓库\BUAA_Complier_Design\FinalProject\FinalProject\FinalProject\Debug\FinalProject.write.1.tlog
H:\本地与远端github连接库集合\编译器课程设计与远端github连接仓库\BUAA_Complier_Design\FinalProject\FinalProject\FinalProject\Debug\FinalProject_manifest.rc
H:\本地与远端GITHUB连接库集合\编译器课程设计与远端GITHUB连接仓库\BUAA_COMPLIER_DESIGN\FINALPROJECT\FINALPROJECT\FINALPROJECT\DEBUG\LEXICALANALYSIS.OBJ
H:\本地与远端github连接库集合\编译器课程设计与远端github连接仓库\BUAA_Complier_Design\FinalProject\FinalProject\FinalProject\Debug\link.10148.read.1.tlog
H:\本地与远端github连接库集合\编译器课程设计与远端github连接仓库\BUAA_Complier_Design\FinalProject\FinalProject\FinalProject\Debug\link.10148.write.1.tlog
H:\本地与远端github连接库集合\编译器课程设计与远端github连接仓库\BUAA_Complier_Design\FinalProject\FinalProject\FinalProject\Debug\link.10148-cvtres.read.1.tlog
H:\本地与远端github连接库集合\编译器课程设计与远端github连接仓库\BUAA_Complier_Design\FinalProject\FinalProject\FinalProject\Debug\link.10148-cvtres.write.1.tlog
H:\本地与远端github连接库集合\编译器课程设计与远端github连接仓库\BUAA_Complier_Design\FinalProject\FinalProject\FinalProject\Debug\link.10984.read.1.tlog
H:\本地与远端github连接库集合\编译器课程设计与远端github连接仓库\BUAA_Complier_Design\FinalProject\FinalProject\FinalProject\Debug\link.10984.write.1.tlog
H:\本地与远端github连接库集合\编译器课程设计与远端github连接仓库\BUAA_Complier_Design\FinalProject\FinalProject\FinalProject\Debug\link.10984-cvtres.read.1.tlog
H:\本地与远端github连接库集合\编译器课程设计与远端github连接仓库\BUAA_Complier_Design\FinalProject\FinalProject\FinalProject\Debug\link.10984-cvtres.write.1.tlog
H:\本地与远端github连接库集合\编译器课程设计与远端github连接仓库\BUAA_Complier_Design\FinalProject\FinalProject\FinalProject\Debug\link.11908.read.1.tlog
H:\本地与远端github连接库集合\编译器课程设计与远端github连接仓库\BUAA_Complier_Design\FinalProject\FinalProject\FinalProject\Debug\link.11908.write.1.tlog
H:\本地与远端github连接库集合\编译器课程设计与远端github连接仓库\BUAA_Complier_Design\FinalProject\FinalProject\FinalProject\Debug\link.11908-cvtres.read.1.tlog
H:\本地与远端github连接库集合\编译器课程设计与远端github连接仓库\BUAA_Complier_Design\FinalProject\FinalProject\FinalProject\Debug\link.11908-cvtres.write.1.tlog
H:\本地与远端github连接库集合\编译器课程设计与远端github连接仓库\BUAA_Complier_Design\FinalProject\FinalProject\FinalProject\Debug\link.12264.read.1.tlog
H:\本地与远端github连接库集合\编译器课程设计与远端github连接仓库\BUAA_Complier_Design\FinalProject\FinalProject\FinalProject\Debug\link.12264.write.1.tlog
H:\本地与远端github连接库集合\编译器课程设计与远端github连接仓库\BUAA_Complier_Design\FinalProject\FinalProject\FinalProject\Debug\link.12264-cvtres.read.1.tlog
H:\本地与远端github连接库集合\编译器课程设计与远端github连接仓库\BUAA_Complier_Design\FinalProject\FinalProject\FinalProject\Debug\link.12264-cvtres.write.1.tlog
H:\本地与远端github连接库集合\编译器课程设计与远端github连接仓库\BUAA_Complier_Design\FinalProject\FinalProject\FinalProject\Debug\link.13916.read.1.tlog
H:\本地与远端github连接库集合\编译器课程设计与远端github连接仓库\BUAA_Complier_Design\FinalProject\FinalProject\FinalProject\Debug\link.13916.write.1.tlog
H:\本地与远端github连接库集合\编译器课程设计与远端github连接仓库\BUAA_Complier_Design\FinalProject\FinalProject\FinalProject\Debug\link.13916-cvtres.read.1.tlog
H:\本地与远端github连接库集合\编译器课程设计与远端github连接仓库\BUAA_Complier_Design\FinalProject\FinalProject\FinalProject\Debug\link.13916-cvtres.write.1.tlog
H:\本地与远端github连接库集合\编译器课程设计与远端github连接仓库\BUAA_Complier_Design\FinalProject\FinalProject\FinalProject\Debug\link.2088.read.1.tlog
H:\本地与远端github连接库集合\编译器课程设计与远端github连接仓库\BUAA_Complier_Design\FinalProject\FinalProject\FinalProject\Debug\link.2088.write.1.tlog
H:\本地与远端github连接库集合\编译器课程设计与远端github连接仓库\BUAA_Complier_Design\FinalProject\FinalProject\FinalProject\Debug\link.2088-cvtres.read.1.tlog
H:\本地与远端github连接库集合\编译器课程设计与远端github连接仓库\BUAA_Complier_Design\FinalProject\FinalProject\FinalProject\Debug\link.2088-cvtres.write.1.tlog
H:\本地与远端github连接库集合\编译器课程设计与远端github连接仓库\BUAA_Complier_Design\FinalProject\FinalProject\FinalProject\Debug\link.4844.read.1.tlog
H:\本地与远端github连接库集合\编译器课程设计与远端github连接仓库\BUAA_Complier_Design\FinalProject\FinalProject\FinalProject\Debug\link.4844.write.1.tlog
H:\本地与远端github连接库集合\编译器课程设计与远端github连接仓库\BUAA_Complier_Design\FinalProject\FinalProject\FinalProject\Debug\link.4844-cvtres.read.1.tlog
H:\本地与远端github连接库集合\编译器课程设计与远端github连接仓库\BUAA_Complier_Design\FinalProject\FinalProject\FinalProject\Debug\link.4844-cvtres.write.1.tlog
H:\本地与远端github连接库集合\编译器课程设计与远端github连接仓库\BUAA_Complier_Design\FinalProject\FinalProject\FinalProject\Debug\link.8116.read.1.tlog
H:\本地与远端github连接库集合\编译器课程设计与远端github连接仓库\BUAA_Complier_Design\FinalProject\FinalProject\FinalProject\Debug\link.8116.write.1.tlog
H:\本地与远端github连接库集合\编译器课程设计与远端github连接仓库\BUAA_Complier_Design\FinalProject\FinalProject\FinalProject\Debug\link.8116-cvtres.read.1.tlog
H:\本地与远端github连接库集合\编译器课程设计与远端github连接仓库\BUAA_Complier_Design\FinalProject\FinalProject\FinalProject\Debug\link.8116-cvtres.write.1.tlog
H:\本地与远端github连接库集合\编译器课程设计与远端github连接仓库\BUAA_Complier_Design\FinalProject\FinalProject\FinalProject\Debug\link.8228.read.1.tlog
H:\本地与远端github连接库集合\编译器课程设计与远端github连接仓库\BUAA_Complier_Design\FinalProject\FinalProject\FinalProject\Debug\link.8228.write.1.tlog
H:\本地与远端github连接库集合\编译器课程设计与远端github连接仓库\BUAA_Complier_Design\FinalProject\FinalProject\FinalProject\Debug\link.8228-cvtres.read.1.tlog
H:\本地与远端github连接库集合\编译器课程设计与远端github连接仓库\BUAA_Complier_Design\FinalProject\FinalProject\FinalProject\Debug\link.8228-cvtres.write.1.tlog
H:\本地与远端github连接库集合\编译器课程设计与远端github连接仓库\BUAA_Complier_Design\FinalProject\FinalProject\FinalProject\Debug\link.9400.read.1.tlog
H:\本地与远端github连接库集合\编译器课程设计与远端github连接仓库\BUAA_Complier_Design\FinalProject\FinalProject\FinalProject\Debug\link.9400.write.1.tlog
H:\本地与远端github连接库集合\编译器课程设计与远端github连接仓库\BUAA_Complier_Design\FinalProject\FinalProject\FinalProject\Debug\link.9400-cvtres.read.1.tlog
H:\本地与远端github连接库集合\编译器课程设计与远端github连接仓库\BUAA_Complier_Design\FinalProject\FinalProject\FinalProject\Debug\link.9400-cvtres.write.1.tlog
H:\本地与远端github连接库集合\编译器课程设计与远端github连接仓库\BUAA_Complier_Design\FinalProject\FinalProject\FinalProject\Debug\link.command.1.tlog
H:\本地与远端github连接库集合\编译器课程设计与远端github连接仓库\BUAA_Complier_Design\FinalProject\FinalProject\FinalProject\Debug\link.read.1.tlog
H:\本地与远端github连接库集合\编译器课程设计与远端github连接仓库\BUAA_Complier_Design\FinalProject\FinalProject\FinalProject\Debug\link.write.1.tlog
H:\本地与远端github连接库集合\编译器课程设计与远端github连接仓库\BUAA_Complier_Design\FinalProject\FinalProject\FinalProject\Debug\link-cvtres.read.1.tlog
H:\本地与远端github连接库集合\编译器课程设计与远端github连接仓库\BUAA_Complier_Design\FinalProject\FinalProject\FinalProject\Debug\link-cvtres.write.1.tlog
H:\本地与远端GITHUB连接库集合\编译器课程设计与远端GITHUB连接仓库\BUAA_COMPLIER_DESIGN\FINALPROJECT\FINALPROJECT\FINALPROJECT\DEBUG\MAIN.OBJ
H:\本地与远端github连接库集合\编译器课程设计与远端github连接仓库\BUAA_Complier_Design\FinalProject\FinalProject\FinalProject\Debug\mt.command.1.tlog
H:\本地与远端github连接库集合\编译器课程设计与远端github连接仓库\BUAA_Complier_Design\FinalProject\FinalProject\FinalProject\Debug\mt.read.1.tlog
H:\本地与远端github连接库集合\编译器课程设计与远端github连接仓库\BUAA_Complier_Design\FinalProject\FinalProject\FinalProject\Debug\mt.write.1.tlog
H:\本地与远端github连接库集合\编译器课程设计与远端github连接仓库\BUAA_Complier_Design\FinalProject\FinalProject\FinalProject\Debug\rc.command.1.tlog
H:\本地与远端github连接库集合\编译器课程设计与远端github连接仓库\BUAA_Complier_Design\FinalProject\FinalProject\FinalProject\Debug\rc.read.1.tlog
H:\本地与远端github连接库集合\编译器课程设计与远端github连接仓库\BUAA_Complier_Design\FinalProject\FinalProject\FinalProject\Debug\rc.write.1.tlog
H:\本地与远端GITHUB连接库集合\编译器课程设计与远端GITHUB连接仓库\BUAA_COMPLIER_DESIGN\FINALPROJECT\FINALPROJECT\FINALPROJECT\DEBUG\SYNTAXANALYSIS.OBJ
H:\本地与远端github连接库集合\编译器课程设计与远端github连接仓库\BUAA_Complier_Design\FinalProject\FinalProject\FinalProject\Debug\vc100.idb
H:\本地与远端GITHUB连接库集合\编译器课程设计与远端GITHUB连接仓库\BUAA_COMPLIER_DESIGN\FINALPROJECT\FINALPROJECT\FINALPROJECT\DEBUG\VC100.PDB
